<?xml version="1.0" encoding="UTF-8"?>
<!-- Generated by org.testng.reporters.JUnitReportReporter -->
<testsuite skipped="0" hostname="sowjanya" name="com.training.tests.CreateAccountTest" tests="1" failures="0" timestamp="2022-11-25T18:12:42 PST" time="15.569" errors="0">
  <testcase name="editView" time="15.569" classname="com.training.tests.CreateAccountTest"/>
  <system-out/>
</testsuite> <!-- com.training.tests.CreateAccountTest -->
