<?xml version="1.0" encoding="UTF-8"?>
<!-- Generated by org.testng.reporters.JUnitReportReporter -->
<testsuite skipped="0" hostname="sowjanya" name="com.training.tests.LoginTest" tests="5" failures="0" timestamp="2023-02-25T06:16:08 PST" time="29.937" errors="0">
  <testcase name="checkRememberMe" time="10.015" classname="com.training.tests.LoginTest"/>
  <system-out/>
  <testcase name="loginAndEnterHome" time="8.277" classname="com.training.tests.LoginTest"/>
  <system-out/>
  <testcase name="loginErrorMessage" time="3.150" classname="com.training.tests.LoginTest"/>
  <system-out/>
  <testcase name="invalidUsernamePassword" time="4.656" classname="com.training.tests.LoginTest"/>
  <system-out/>
  <testcase name="forgotPassword" time="3.839" classname="com.training.tests.LoginTest"/>
  <system-out/>
</testsuite> <!-- com.training.tests.LoginTest -->
