<?xml version="1.0" encoding="UTF-8"?>
<!-- Generated by org.testng.reporters.JUnitReportReporter -->
<testsuite skipped="0" hostname="sowjanya" name="com.training.tests.ContactsTest" tests="1" failures="0" timestamp="2023-02-28T16:25:31 PST" time="15.086" errors="0">
  <testcase name="Createnewcontact" time="15.086" classname="com.training.tests.ContactsTest"/>
  <system-out/>
</testsuite> <!-- com.training.tests.ContactsTest -->
