<?xml version="1.0" encoding="UTF-8"?>
<!-- Generated by org.testng.reporters.JUnitReportReporter -->
<testsuite skipped="0" hostname="sowjanya" name="com.training.tests.HomeTest" tests="1" failures="0" timestamp="2023-02-18T10:36:05 PST" time="24.821" errors="0">
  <testcase name="selectUserNameforDropdown" time="24.821" classname="com.training.tests.HomeTest"/>
  <system-out/>
</testsuite> <!-- com.training.tests.HomeTest -->
