<?xml version="1.0" encoding="UTF-8"?>
<!-- Generated by org.testng.reporters.JUnitReportReporter -->
<testsuite skipped="0" hostname="sowjanya" name="com.training.tests.HomeTest" tests="1" failures="0" timestamp="2023-02-27T09:59:30 PST" time="14.641" errors="0">
  <testcase name="selectMySettings" time="14.641" classname="com.training.tests.HomeTest"/>
  <system-out/>
</testsuite> <!-- com.training.tests.HomeTest -->
