<?xml version="1.0" encoding="UTF-8"?>
<!-- Generated by org.testng.reporters.JUnitReportReporter -->
<testsuite skipped="0" hostname="sowjanya" name="com.training.tests.LoginTest" tests="5" failures="0" timestamp="2023-02-18T10:26:02 PST" time="61.097" errors="0">
  <testcase name="forgotPassword" time="22.070" classname="com.training.tests.LoginTest"/>
  <system-out/>
  <testcase name="loginErrorMessage" time="3.548" classname="com.training.tests.LoginTest"/>
  <system-out/>
  <testcase name="checkRememberMe" time="23.654" classname="com.training.tests.LoginTest"/>
  <system-out/>
  <testcase name="loginAndEnterHome" time="9.522" classname="com.training.tests.LoginTest"/>
  <system-out/>
  <testcase name="invalidUsernamePassword" time="2.303" classname="com.training.tests.LoginTest"/>
  <system-out/>
</testsuite> <!-- com.training.tests.LoginTest -->
