<?xml version="1.0" encoding="UTF-8"?>
<!-- Generated by org.testng.reporters.JUnitReportReporter -->
<testsuite skipped="0" hostname="sowjanya" name="com.training.tests.CreateOppertunitiesTest" tests="5" failures="0" timestamp="2023-02-25T06:10:59 PST" time="53.534" errors="0">
  <testcase name="TestQuarterlySummaryReport" time="9.432" classname="com.training.tests.CreateOppertunitiesTest"/>
  <system-out/>
  <testcase name="CreateANewOpty" time="11.212" classname="com.training.tests.CreateOppertunitiesTest"/>
  <system-out/>
  <testcase name="testStuckOpportunityReport" time="10.611" classname="com.training.tests.CreateOppertunitiesTest"/>
  <system-out/>
  <testcase name="opportunitiesDropDown" time="12.451" classname="com.training.tests.CreateOppertunitiesTest"/>
  <system-out/>
  <testcase name="testOpportunityPipelineReport" time="9.828" classname="com.training.tests.CreateOppertunitiesTest"/>
  <system-out/>
</testsuite> <!-- com.training.tests.CreateOppertunitiesTest -->
