<?xml version="1.0" encoding="UTF-8"?>
<!-- Generated by org.testng.reporters.JUnitReportReporter -->
<testsuite skipped="0" hostname="sowjanya" name="com.training.tests.CreateOpportunitiesTest" tests="5" failures="0" timestamp="2023-02-25T06:16:08 PST" time="50.631" errors="0">
  <testcase name="testStuckOpportunityReport" time="9.844" classname="com.training.tests.CreateOpportunitiesTest"/>
  <system-out/>
  <testcase name="TestQuarterlySummaryReport" time="9.885" classname="com.training.tests.CreateOpportunitiesTest"/>
  <system-out/>
  <testcase name="testOpportunityPipelineReport" time="10.244" classname="com.training.tests.CreateOpportunitiesTest"/>
  <system-out/>
  <testcase name="opportunitiesDropDown" time="10.850" classname="com.training.tests.CreateOpportunitiesTest"/>
  <system-out/>
  <testcase name="CreateANewOpty" time="9.808" classname="com.training.tests.CreateOpportunitiesTest"/>
  <system-out/>
</testsuite> <!-- com.training.tests.CreateOpportunitiesTest -->
